c:\users\clemens\documents\development\haw\spacesurvivors\spacesurvivors\x64\debug\vc143.pdb
c:\users\clemens\documents\development\haw\spacesurvivors\spacesurvivors\x64\debug\vc143.idb
c:\users\clemens\documents\development\haw\spacesurvivors\spacesurvivors\x64\debug\spacesurvivors.obj
c:\users\clemens\documents\development\haw\spacesurvivors\spacesurvivors\x64\debug\scenemanager.obj
c:\users\clemens\documents\development\haw\spacesurvivors\spacesurvivors\x64\debug\scene.obj
c:\users\clemens\documents\development\haw\spacesurvivors\spacesurvivors\x64\debug\gamescene.obj
c:\users\clemens\documents\development\haw\spacesurvivors\spacesurvivors\x64\debug\graphicloader.obj
c:\users\clemens\documents\development\haw\spacesurvivors\spacesurvivors\x64\debug\gameobject.obj
c:\users\clemens\documents\development\haw\spacesurvivors\spacesurvivors\x64\debug\locator.obj
c:\users\clemens\documents\development\haw\spacesurvivors\spacesurvivors\x64\debug\collider.obj
c:\users\clemens\documents\development\haw\spacesurvivors\spacesurvivors\x64\debug\player.obj
c:\users\clemens\documents\development\haw\spacesurvivors\spacesurvivors\x64\debug\controller.obj
c:\users\clemens\documents\development\haw\spacesurvivors\spacesurvivors\x64\debug\playercontroller.obj
c:\users\clemens\documents\development\haw\spacesurvivors\spacesurvivors\x64\debug\bullet.obj
c:\users\clemens\documents\development\haw\spacesurvivors\spacesurvivors\x64\debug\bulletpool.obj
c:\users\clemens\documents\development\haw\spacesurvivors\spacesurvivors\x64\debug\asteroidcontroller.obj
c:\users\clemens\documents\development\haw\spacesurvivors\spacesurvivors\x64\debug\asteroid.obj
c:\users\clemens\documents\development\haw\spacesurvivors\spacesurvivors\x64\debug\parallaxbackground.obj
c:\users\clemens\documents\development\haw\spacesurvivors\spacesurvivors\x64\debug\observable.obj
c:\users\clemens\documents\development\haw\spacesurvivors\spacesurvivors\x64\debug\spatialpartitiongrid.obj
c:\users\clemens\documents\development\haw\spacesurvivors\spacesurvivors\x64\debug\poolable.obj
c:\users\clemens\documents\development\haw\spacesurvivors\spacesurvivors\x64\debug\enemyspawncontroller.obj
c:\users\clemens\documents\development\haw\spacesurvivors\spacesurvivors\x64\debug\explosion.obj
c:\users\clemens\documents\development\haw\spacesurvivors\spacesurvivors\x64\debug\hud.obj
c:\users\clemens\documents\development\haw\spacesurvivors\spacesurvivors\x64\debug\gamestate.obj
c:\users\clemens\documents\development\haw\spacesurvivors\x64\debug\spacesurvivors.exe
c:\users\clemens\documents\development\haw\spacesurvivors\x64\debug\spacesurvivors.pdb
c:\users\clemens\documents\development\haw\spacesurvivors\spacesurvivors\x64\debug\spacesurvivors.ilk
c:\users\clemens\documents\development\haw\spacesurvivors\spacesurvivors\x64\debug\enemy.obj
c:\users\clemens\documents\development\haw\spacesurvivors\spacesurvivors\x64\debug\enemypartitiongrid.obj
c:\users\clemens\documents\development\haw\spacesurvivors\spacesurvivors\x64\debug\enemypool.obj
c:\users\clemens\documents\development\haw\spacesurvivors\spacesurvivors\x64\debug\spacesurvivors.tlog\cl.command.1.tlog
c:\users\clemens\documents\development\haw\spacesurvivors\spacesurvivors\x64\debug\spacesurvivors.tlog\cl.items.tlog
c:\users\clemens\documents\development\haw\spacesurvivors\spacesurvivors\x64\debug\spacesurvivors.tlog\cl.read.1.tlog
c:\users\clemens\documents\development\haw\spacesurvivors\spacesurvivors\x64\debug\spacesurvivors.tlog\cl.write.1.tlog
c:\users\clemens\documents\development\haw\spacesurvivors\spacesurvivors\x64\debug\spacesurvivors.tlog\link.command.1.tlog
c:\users\clemens\documents\development\haw\spacesurvivors\spacesurvivors\x64\debug\spacesurvivors.tlog\link.read.1.tlog
c:\users\clemens\documents\development\haw\spacesurvivors\spacesurvivors\x64\debug\spacesurvivors.tlog\link.secondary.1.tlog
c:\users\clemens\documents\development\haw\spacesurvivors\spacesurvivors\x64\debug\spacesurvivors.tlog\link.write.1.tlog
