  LevelUp.cpp
C:\Users\Clemens\Documents\Development\HAW\SpaceSurvivors\LevelUp.cpp(198,31): warning C4244: "return": Konvertierung von "int" in "float", möglicher Datenverlust
C:\Users\Clemens\Documents\Development\HAW\SpaceSurvivors\LevelUp.cpp(202,25): warning C4244: "return": Konvertierung von "int" in "float", möglicher Datenverlust
C:\Users\Clemens\Documents\Development\HAW\SpaceSurvivors\LevelUp.cpp(204,28): warning C4244: "return": Konvertierung von "int" in "float", möglicher Datenverlust
C:\Users\Clemens\Documents\Development\HAW\SpaceSurvivors\LevelUp.cpp(208,23): warning C4244: "return": Konvertierung von "int" in "float", möglicher Datenverlust
C:\Users\Clemens\Documents\Development\HAW\SpaceSurvivors\LevelUp.cpp(230,26): warning C4244: "Argument": Konvertierung von "float" in "int", möglicher Datenverlust
C:\Users\Clemens\Documents\Development\HAW\SpaceSurvivors\LevelUp.cpp(233,29): warning C4244: "Argument": Konvertierung von "float" in "int", möglicher Datenverlust
C:\Users\Clemens\Documents\Development\HAW\SpaceSurvivors\LevelUp.cpp(239,24): warning C4244: "Argument": Konvertierung von "float" in "int", möglicher Datenverlust
C:\Users\Clemens\Documents\Development\HAW\SpaceSurvivors\LevelUp.cpp(262,29): warning C4305: "=": Verkürzung von "double" in "float"
C:\Users\Clemens\Documents\Development\HAW\SpaceSurvivors\LevelUp.cpp(277,31): warning C4305: "=": Verkürzung von "double" in "float"
C:\Users\Clemens\Documents\Development\HAW\SpaceSurvivors\LevelUp.cpp(278,29): warning C4305: "=": Verkürzung von "double" in "float"
C:\Users\Clemens\Documents\Development\HAW\SpaceSurvivors\LevelUp.cpp(301,31): warning C4305: "=": Verkürzung von "double" in "float"
C:\Users\Clemens\Documents\Development\HAW\SpaceSurvivors\LevelUp.cpp(303,29): warning C4305: "=": Verkürzung von "double" in "float"
C:\Users\Clemens\Documents\Development\HAW\SpaceSurvivors\LevelUp.cpp(304,34): warning C4305: "=": Verkürzung von "double" in "float"
  Code wird generiert.
  1 of 1026 functions (<0.1%) were compiled, the rest were copied from previous compilation.
    0 functions were new in current compilation
    1 functions had inline decision re-evaluated but remain unchanged
  Codegenerierung ist abgeschlossen.
  SpaceSurvivors.vcxproj -> C:\Users\Clemens\Documents\Development\HAW\SpaceSurvivors\x64\Release\SpaceSurvivors.exe
